<?xml version="1.0" encoding="UTF-8"?>
<coverage generated="1621040088">
  <project timestamp="1621040088">
    <file name="/home/runner/work/admin/admin/src/Authorization/AdminResourceProvider.php">
      <class name="AbterPhp\Admin\Authorization\AdminResourceProvider" namespace="global">
        <metrics complexity="5" methods="5" coveredmethods="5" conditionals="0" coveredconditionals="0" statements="7" coveredstatements="7" elements="12" coveredelements="12"/>
      </class>
      <line num="23" type="method" name="__construct" visibility="public" complexity="1" crap="1" count="6"/>
      <line num="25" type="stmt" count="6"/>
      <line num="26" type="stmt" count="6"/>
      <line num="27" type="stmt" count="6"/>
      <line num="36" type="method" name="savePolicy" visibility="public" complexity="1" crap="1" count="1"/>
      <line num="38" type="stmt" count="1"/>
      <line num="50" type="method" name="addPolicy" visibility="public" complexity="1" crap="1" count="1"/>
      <line num="52" type="stmt" count="1"/>
      <line num="64" type="method" name="removePolicy" visibility="public" complexity="1" crap="1" count="1"/>
      <line num="66" type="stmt" count="1"/>
      <line num="79" type="method" name="removeFilteredPolicy" visibility="public" complexity="1" crap="1" count="1"/>
      <line num="81" type="stmt" count="1"/>
      <metrics loc="83" ncloc="43" classes="1" methods="5" coveredmethods="5" conditionals="0" coveredconditionals="0" statements="7" coveredstatements="7" elements="12" coveredelements="12"/>
    </file>
    <file name="/home/runner/work/admin/admin/src/Authorization/PolicyProviderTrait.php">
      <class name="AbterPhp\Admin\Authorization\PolicyProviderTrait" namespace="global">
        <metrics complexity="2" methods="1" coveredmethods="1" conditionals="0" coveredconditionals="0" statements="7" coveredstatements="7" elements="8" coveredelements="8"/>
      </class>
      <line num="19" type="method" name="loadPolicy" visibility="public" complexity="2" crap="2" count="2"/>
      <line num="21" type="stmt" count="2"/>
      <line num="23" type="stmt" count="2"/>
      <line num="24" type="stmt" count="1"/>
      <line num="25" type="stmt" count="1"/>
      <line num="27" type="stmt" count="1"/>
      <line num="28" type="stmt" count="1"/>
      <line num="30" type="stmt" count="2"/>
      <metrics loc="31" ncloc="28" classes="1" methods="1" coveredmethods="1" conditionals="0" coveredconditionals="0" statements="7" coveredstatements="7" elements="8" coveredelements="8"/>
    </file>
    <file name="/home/runner/work/admin/admin/src/Authorization/UserProvider.php">
      <class name="AbterPhp\Admin\Authorization\UserProvider" namespace="global">
        <metrics complexity="7" methods="6" coveredmethods="3" conditionals="0" coveredconditionals="0" statements="10" coveredstatements="7" elements="16" coveredelements="10"/>
      </class>
      <line num="23" type="method" name="__construct" visibility="public" complexity="1" crap="1" count="2"/>
      <line num="25" type="stmt" count="2"/>
      <line num="26" type="stmt" count="2"/>
      <line num="31" type="method" name="loadPolicy" visibility="public" complexity="2" crap="2" count="1"/>
      <line num="33" type="stmt" count="1"/>
      <line num="35" type="stmt" count="1"/>
      <line num="36" type="stmt" count="1"/>
      <line num="38" type="stmt" count="1"/>
      <line num="45" type="method" name="savePolicy" visibility="public" complexity="1" crap="2" count="0"/>
      <line num="47" type="stmt" count="0"/>
      <line num="56" type="method" name="addPolicy" visibility="public" complexity="1" crap="2" count="0"/>
      <line num="58" type="stmt" count="0"/>
      <line num="67" type="method" name="removePolicy" visibility="public" complexity="1" crap="2" count="0"/>
      <line num="69" type="stmt" count="0"/>
      <line num="81" type="method" name="removeFilteredPolicy" visibility="public" complexity="1" crap="1" count="1"/>
      <line num="83" type="stmt" count="1"/>
      <metrics loc="85" ncloc="47" classes="1" methods="6" coveredmethods="3" conditionals="0" coveredconditionals="0" statements="10" coveredstatements="7" elements="16" coveredelements="10"/>
    </file>
    <file name="/home/runner/work/admin/admin/src/Config/Routes.php">
      <class name="AbterPhp\Admin\Config\Routes" namespace="global">
        <metrics complexity="22" methods="13" coveredmethods="12" conditionals="0" coveredconditionals="0" statements="50" coveredstatements="43" elements="63" coveredelements="55"/>
      </class>
      <line num="30" type="method" name="setLoginPath" visibility="public" complexity="1" crap="1" count="1"/>
      <line num="32" type="stmt" count="1"/>
      <line num="33" type="stmt" count="1"/>
      <line num="38" type="method" name="getLoginPath" visibility="public" complexity="3" crap="3" count="5"/>
      <line num="40" type="stmt" count="5"/>
      <line num="41" type="stmt" count="2"/>
      <line num="44" type="stmt" count="4"/>
      <line num="45" type="stmt" count="4"/>
      <line num="46" type="stmt" count="1"/>
      <line num="49" type="stmt" count="3"/>
      <line num="51" type="stmt" count="3"/>
      <line num="57" type="method" name="setLogoutPath" visibility="public" complexity="1" crap="1" count="1"/>
      <line num="59" type="stmt" count="1"/>
      <line num="60" type="stmt" count="1"/>
      <line num="65" type="method" name="getLogoutPath" visibility="public" complexity="3" crap="3" count="4"/>
      <line num="67" type="stmt" count="4"/>
      <line num="68" type="stmt" count="2"/>
      <line num="71" type="stmt" count="3"/>
      <line num="72" type="stmt" count="3"/>
      <line num="73" type="stmt" count="1"/>
      <line num="76" type="stmt" count="2"/>
      <line num="78" type="stmt" count="2"/>
      <line num="84" type="method" name="setAdminBasePath" visibility="public" complexity="1" crap="1" count="1"/>
      <line num="86" type="stmt" count="1"/>
      <line num="87" type="stmt" count="1"/>
      <line num="92" type="method" name="getAdminBasePath" visibility="public" complexity="3" crap="3" count="7"/>
      <line num="94" type="stmt" count="7"/>
      <line num="95" type="stmt" count="4"/>
      <line num="98" type="stmt" count="6"/>
      <line num="99" type="stmt" count="6"/>
      <line num="100" type="stmt" count="1"/>
      <line num="103" type="stmt" count="5"/>
      <line num="105" type="stmt" count="5"/>
      <line num="111" type="method" name="setApiBasePath" visibility="public" complexity="1" crap="1" count="1"/>
      <line num="113" type="stmt" count="1"/>
      <line num="114" type="stmt" count="1"/>
      <line num="119" type="method" name="getApiBasePath" visibility="public" complexity="3" crap="3" count="4"/>
      <line num="121" type="stmt" count="4"/>
      <line num="122" type="stmt" count="2"/>
      <line num="125" type="stmt" count="3"/>
      <line num="126" type="stmt" count="3"/>
      <line num="127" type="stmt" count="1"/>
      <line num="130" type="stmt" count="2"/>
      <line num="132" type="stmt" count="2"/>
      <line num="138" type="method" name="getLoginFailurePath" visibility="public" complexity="1" crap="1" count="1"/>
      <line num="140" type="stmt" count="1"/>
      <line num="146" type="method" name="getLoginSuccessPath" visibility="public" complexity="1" crap="1" count="1"/>
      <line num="148" type="stmt" count="1"/>
      <line num="154" type="method" name="getProfilePath" visibility="public" complexity="1" crap="1" count="1"/>
      <line num="156" type="stmt" count="1"/>
      <line num="162" type="method" name="setUploadUrl" visibility="public" complexity="1" crap="1" count="1"/>
      <line num="164" type="stmt" count="1"/>
      <line num="165" type="stmt" count="1"/>
      <line num="170" type="method" name="getUploadUrl" visibility="public" complexity="2" crap="3.88" count="1"/>
      <line num="172" type="stmt" count="1"/>
      <line num="173" type="stmt" count="1"/>
      <line num="176" type="stmt" count="0"/>
      <line num="177" type="stmt" count="0"/>
      <line num="178" type="stmt" count="0"/>
      <line num="179" type="stmt" count="0"/>
      <line num="180" type="stmt" count="0"/>
      <line num="183" type="stmt" count="0"/>
      <line num="185" type="stmt" count="0"/>
      <metrics loc="187" ncloc="148" classes="1" methods="13" coveredmethods="12" conditionals="0" coveredconditionals="0" statements="50" coveredstatements="43" elements="63" coveredelements="55"/>
    </file>
    <file name="/home/runner/work/admin/admin/src/Constant/Env.php">
      <class name="AbterPhp\Admin\Constant\Env" namespace="global">
        <metrics complexity="0" methods="0" coveredmethods="0" conditionals="0" coveredconditionals="0" statements="0" coveredstatements="0" elements="0" coveredelements="0"/>
      </class>
      <metrics loc="24" ncloc="24" classes="0" methods="0" coveredmethods="0" conditionals="0" coveredconditionals="0" statements="0" coveredstatements="0" elements="0" coveredelements="0"/>
    </file>
    <file name="/home/runner/work/admin/admin/src/Constant/Event.php">
      <class name="AbterPhp\Admin\Constant\Event" namespace="global">
        <metrics complexity="0" methods="0" coveredmethods="0" conditionals="0" coveredconditionals="0" statements="0" coveredstatements="0" elements="0" coveredelements="0"/>
      </class>
      <metrics loc="11" ncloc="11" classes="0" methods="0" coveredmethods="0" conditionals="0" coveredconditionals="0" statements="0" coveredstatements="0" elements="0" coveredelements="0"/>
    </file>
    <file name="/home/runner/work/admin/admin/src/Constant/Resource.php">
      <class name="AbterPhp\Admin\Constant\Resource" namespace="global">
        <metrics complexity="0" methods="0" coveredmethods="0" conditionals="0" coveredconditionals="0" statements="0" coveredstatements="0" elements="0" coveredelements="0"/>
      </class>
      <metrics loc="12" ncloc="12" classes="0" methods="0" coveredmethods="0" conditionals="0" coveredconditionals="0" statements="0" coveredstatements="0" elements="0" coveredelements="0"/>
    </file>
    <file name="/home/runner/work/admin/admin/src/Constant/Route.php">
      <class name="AbterPhp\Admin\Constant\Route" namespace="global">
        <metrics complexity="0" methods="0" coveredmethods="0" conditionals="0" coveredconditionals="0" statements="0" coveredstatements="0" elements="0" coveredelements="0"/>
      </class>
      <metrics loc="51" ncloc="51" classes="0" methods="0" coveredmethods="0" conditionals="0" coveredconditionals="0" statements="0" coveredstatements="0" elements="0" coveredelements="0"/>
    </file>
    <file name="/home/runner/work/admin/admin/src/Databases/Migrations/Init.php">
      <class name="AbterPhp\Admin\Databases\Migrations\Init" namespace="global">
        <metrics complexity="1" methods="1" coveredmethods="0" conditionals="0" coveredconditionals="0" statements="1" coveredstatements="0" elements="2" coveredelements="0"/>
      </class>
      <line num="19" type="method" name="getCreationDate" visibility="public" complexity="1" crap="2" count="0"/>
      <line num="21" type="stmt" count="0"/>
      <metrics loc="23" ncloc="18" classes="1" methods="1" coveredmethods="0" conditionals="0" coveredconditionals="0" statements="1" coveredstatements="0" elements="2" coveredelements="0"/>
    </file>
    <file name="/home/runner/work/admin/admin/src/Databases/Queries/AdminResourceAuthLoader.php">
      <class name="AbterPhp\Admin\Databases\Queries\AdminResourceAuthLoader" namespace="global">
        <metrics complexity="3" methods="2" coveredmethods="2" conditionals="0" coveredconditionals="0" statements="13" coveredstatements="13" elements="15" coveredelements="15"/>
      </class>
      <line num="22" type="method" name="__construct" visibility="public" complexity="1" crap="1" count="2"/>
      <line num="24" type="stmt" count="2"/>
      <line num="25" type="stmt" count="2"/>
      <line num="30" type="method" name="loadAll" visibility="public" complexity="2" crap="2" count="2"/>
      <line num="32" type="stmt" count="2"/>
      <line num="33" type="stmt" count="2"/>
      <line num="34" type="stmt" count="2"/>
      <line num="35" type="stmt" count="2"/>
      <line num="36" type="stmt" count="2"/>
      <line num="39" type="stmt" count="2"/>
      <line num="40" type="stmt" count="2"/>
      <line num="41" type="stmt" count="2"/>
      <line num="42" type="stmt" count="2"/>
      <line num="43" type="stmt" count="1"/>
      <line num="46" type="stmt" count="1"/>
      <metrics loc="48" ncloc="39" classes="1" methods="2" coveredmethods="2" conditionals="0" coveredconditionals="0" statements="13" coveredstatements="13" elements="15" coveredelements="15"/>
    </file>
    <file name="/home/runner/work/admin/admin/src/Databases/Queries/BlockCache.php">
      <class name="AbterPhp\Admin\Databases\Queries\BlockCache" namespace="global">
        <metrics complexity="3" methods="2" coveredmethods="2" conditionals="0" coveredconditionals="0" statements="18" coveredstatements="18" elements="20" coveredelements="20"/>
      </class>
      <line num="23" type="method" name="__construct" visibility="public" complexity="1" crap="1" count="3"/>
      <line num="25" type="stmt" count="3"/>
      <line num="26" type="stmt" count="3"/>
      <line num="35" type="method" name="hasAnyChangedSince" visibility="public" complexity="2" crap="2" count="3"/>
      <line num="37" type="stmt" count="3"/>
      <line num="38" type="stmt" count="3"/>
      <line num="39" type="stmt" count="3"/>
      <line num="40" type="stmt" count="3"/>
      <line num="41" type="stmt" count="3"/>
      <line num="42" type="stmt" count="3"/>
      <line num="43" type="stmt" count="3"/>
      <line num="44" type="stmt" count="3"/>
      <line num="45" type="stmt" count="3"/>
      <line num="46" type="stmt" count="3"/>
      <line num="48" type="stmt" count="3"/>
      <line num="49" type="stmt" count="3"/>
      <line num="50" type="stmt" count="3"/>
      <line num="51" type="stmt" count="3"/>
      <line num="52" type="stmt" count="1"/>
      <line num="55" type="stmt" count="2"/>
      <metrics loc="57" ncloc="44" classes="1" methods="2" coveredmethods="2" conditionals="0" coveredconditionals="0" statements="18" coveredstatements="18" elements="20" coveredelements="20"/>
    </file>
    <file name="/home/runner/work/admin/admin/src/Databases/Queries/IAuthLoader.php">
      <metrics loc="13" ncloc="10" classes="0" methods="0" coveredmethods="0" conditionals="0" coveredconditionals="0" statements="0" coveredstatements="0" elements="0" coveredelements="0"/>
    </file>
    <file name="/home/runner/work/admin/admin/src/Databases/Queries/LoginThrottle.php">
      <class name="AbterPhp\Admin\Databases\Queries\LoginThrottle" namespace="global">
        <metrics complexity="5" methods="3" coveredmethods="3" conditionals="0" coveredconditionals="0" statements="30" coveredstatements="30" elements="33" coveredelements="33"/>
      </class>
      <line num="22" type="method" name="__construct" visibility="public" complexity="1" crap="1" count="5"/>
      <line num="24" type="stmt" count="5"/>
      <line num="25" type="stmt" count="5"/>
      <line num="35" type="method" name="isLoginAllowed" visibility="public" complexity="2" crap="2" count="3"/>
      <line num="37" type="stmt" count="3"/>
      <line num="38" type="stmt" count="3"/>
      <line num="39" type="stmt" count="3"/>
      <line num="40" type="stmt" count="3"/>
      <line num="41" type="stmt" count="3"/>
      <line num="42" type="stmt" count="3"/>
      <line num="43" type="stmt" count="3"/>
      <line num="45" type="stmt" count="3"/>
      <line num="46" type="stmt" count="3"/>
      <line num="47" type="stmt" count="3"/>
      <line num="48" type="stmt" count="3"/>
      <line num="49" type="stmt" count="1"/>
      <line num="52" type="stmt" count="2"/>
      <line num="61" type="method" name="clear" visibility="public" complexity="2" crap="2" count="2"/>
      <line num="63" type="stmt" count="2"/>
      <line num="64" type="stmt" count="2"/>
      <line num="65" type="stmt" count="2"/>
      <line num="66" type="stmt" count="2"/>
      <line num="67" type="stmt" count="2"/>
      <line num="68" type="stmt" count="2"/>
      <line num="69" type="stmt" count="2"/>
      <line num="71" type="stmt" count="2"/>
      <line num="72" type="stmt" count="2"/>
      <line num="74" type="stmt" count="2"/>
      <line num="75" type="stmt" count="2"/>
      <line num="76" type="stmt" count="2"/>
      <line num="78" type="stmt" count="2"/>
      <line num="79" type="stmt" count="1"/>
      <line num="81" type="stmt" count="1"/>
      <metrics loc="82" ncloc="62" classes="1" methods="3" coveredmethods="3" conditionals="0" coveredconditionals="0" statements="30" coveredstatements="30" elements="33" coveredelements="33"/>
    </file>
    <file name="/home/runner/work/admin/admin/src/Databases/Queries/UserAuthLoader.php">
      <class name="AbterPhp\Admin\Databases\Queries\UserAuthLoader" namespace="global">
        <metrics complexity="3" methods="2" coveredmethods="2" conditionals="0" coveredconditionals="0" statements="14" coveredstatements="14" elements="16" coveredelements="16"/>
      </class>
      <line num="22" type="method" name="__construct" visibility="public" complexity="1" crap="1" count="2"/>
      <line num="24" type="stmt" count="2"/>
      <line num="25" type="stmt" count="2"/>
      <line num="30" type="method" name="loadAll" visibility="public" complexity="2" crap="2" count="2"/>
      <line num="32" type="stmt" count="2"/>
      <line num="33" type="stmt" count="2"/>
      <line num="34" type="stmt" count="2"/>
      <line num="35" type="stmt" count="2"/>
      <line num="36" type="stmt" count="2"/>
      <line num="37" type="stmt" count="2"/>
      <line num="40" type="stmt" count="2"/>
      <line num="41" type="stmt" count="2"/>
      <line num="42" type="stmt" count="2"/>
      <line num="43" type="stmt" count="2"/>
      <line num="44" type="stmt" count="1"/>
      <line num="47" type="stmt" count="1"/>
      <metrics loc="49" ncloc="40" classes="1" methods="2" coveredmethods="2" conditionals="0" coveredconditionals="0" statements="14" coveredstatements="14" elements="16" coveredelements="16"/>
    </file>
    <file name="/home/runner/work/admin/admin/src/Domain/Entities/AdminResource.php">
      <class name="AbterPhp\Admin\Domain\Entities\AdminResource" namespace="global">
        <metrics complexity="8" methods="8" coveredmethods="3" conditionals="0" coveredconditionals="0" statements="13" coveredstatements="5" elements="21" coveredelements="8"/>
      </class>
      <line num="21" type="method" name="__construct" visibility="public" complexity="1" crap="1" count="25"/>
      <line num="23" type="stmt" count="25"/>
      <line num="24" type="stmt" count="25"/>
      <line num="25" type="stmt" count="25"/>
      <line num="30" type="method" name="getId" visibility="public" complexity="1" crap="1" count="15"/>
      <line num="32" type="stmt" count="15"/>
      <line num="38" type="method" name="setId" visibility="public" complexity="1" crap="2" count="0"/>
      <line num="40" type="stmt" count="0"/>
      <line num="41" type="stmt" count="0"/>
      <line num="46" type="method" name="getIdentifier" visibility="public" complexity="1" crap="1" count="9"/>
      <line num="48" type="stmt" count="9"/>
      <line num="56" type="method" name="setIdentifier" visibility="public" complexity="1" crap="2" count="0"/>
      <line num="58" type="stmt" count="0"/>
      <line num="60" type="stmt" count="0"/>
      <line num="66" type="method" name="__toString" visibility="public" complexity="1" crap="2" count="0"/>
      <line num="68" type="stmt" count="0"/>
      <line num="74" type="method" name="toData" visibility="public" complexity="1" crap="2" count="0"/>
      <line num="77" type="stmt" count="0"/>
      <line num="78" type="stmt" count="0"/>
      <line num="85" type="method" name="toJSON" visibility="public" complexity="1" crap="2" count="0"/>
      <line num="87" type="stmt" count="0"/>
      <metrics loc="89" ncloc="60" classes="1" methods="8" coveredmethods="3" conditionals="0" coveredconditionals="0" statements="13" coveredstatements="5" elements="21" coveredelements="8"/>
    </file>
    <file name="/home/runner/work/admin/admin/src/Domain/Entities/ApiClient.php">
      <class name="AbterPhp\Admin\Domain\Entities\ApiClient" namespace="global">
        <metrics complexity="15" methods="14" coveredmethods="10" conditionals="0" coveredconditionals="0" statements="30" coveredstatements="19" elements="44" coveredelements="29"/>
      </class>
      <line num="31" type="method" name="__construct" visibility="public" complexity="1" crap="1" count="25"/>
      <line num="38" type="stmt" count="25"/>
      <line num="39" type="stmt" count="25"/>
      <line num="40" type="stmt" count="25"/>
      <line num="41" type="stmt" count="25"/>
      <line num="42" type="stmt" count="25"/>
      <line num="43" type="stmt" count="25"/>
      <line num="48" type="method" name="getId" visibility="public" complexity="1" crap="1" count="15"/>
      <line num="50" type="stmt" count="15"/>
      <line num="56" type="method" name="setId" visibility="public" complexity="1" crap="2" count="0"/>
      <line num="58" type="stmt" count="0"/>
      <line num="59" type="stmt" count="0"/>
      <line num="64" type="method" name="getUserId" visibility="public" complexity="1" crap="1" count="8"/>
      <line num="66" type="stmt" count="8"/>
      <line num="74" type="method" name="setUserId" visibility="public" complexity="1" crap="1" count="4"/>
      <line num="76" type="stmt" count="4"/>
      <line num="78" type="stmt" count="4"/>
      <line num="84" type="method" name="getDescription" visibility="public" complexity="1" crap="1" count="11"/>
      <line num="86" type="stmt" count="11"/>
      <line num="94" type="method" name="setDescription" visibility="public" complexity="1" crap="1" count="4"/>
      <line num="96" type="stmt" count="4"/>
      <line num="98" type="stmt" count="4"/>
      <line num="104" type="method" name="getSecret" visibility="public" complexity="1" crap="1" count="11"/>
      <line num="106" type="stmt" count="11"/>
      <line num="114" type="method" name="setSecret" visibility="public" complexity="1" crap="1" count="1"/>
      <line num="116" type="stmt" count="1"/>
      <line num="118" type="stmt" count="1"/>
      <line num="124" type="method" name="getAdminResources" visibility="public" complexity="1" crap="1" count="7"/>
      <line num="126" type="stmt" count="7"/>
      <line num="134" type="method" name="setAdminResources" visibility="public" complexity="1" crap="1" count="4"/>
      <line num="136" type="stmt" count="4"/>
      <line num="138" type="stmt" count="4"/>
      <line num="144" type="method" name="__toString" visibility="public" complexity="1" crap="2" count="0"/>
      <line num="146" type="stmt" count="0"/>
      <line num="152" type="method" name="toData" visibility="public" complexity="2" crap="6" count="0"/>
      <line num="154" type="stmt" count="0"/>
      <line num="155" type="stmt" count="0"/>
      <line num="156" type="stmt" count="0"/>
      <line num="160" type="stmt" count="0"/>
      <line num="161" type="stmt" count="0"/>
      <line num="162" type="stmt" count="0"/>
      <line num="163" type="stmt" count="0"/>
      <line num="170" type="method" name="toJSON" visibility="public" complexity="1" crap="2" count="0"/>
      <line num="172" type="stmt" count="0"/>
      <metrics loc="174" ncloc="117" classes="1" methods="14" coveredmethods="10" conditionals="0" coveredconditionals="0" statements="30" coveredstatements="19" elements="44" coveredelements="29"/>
    </file>
    <file name="/home/runner/work/admin/admin/src/Domain/Entities/LoginAttempt.php">
      <class name="AbterPhp\Admin\Domain\Entities\LoginAttempt" namespace="global">
        <metrics complexity="12" methods="12" coveredmethods="5" conditionals="0" coveredconditionals="0" statements="20" coveredstatements="9" elements="32" coveredelements="14"/>
      </class>
      <line num="27" type="method" name="__construct" visibility="public" complexity="1" crap="1" count="12"/>
      <line num="33" type="stmt" count="12"/>
      <line num="34" type="stmt" count="12"/>
      <line num="35" type="stmt" count="12"/>
      <line num="36" type="stmt" count="12"/>
      <line num="37" type="stmt" count="12"/>
      <line num="42" type="method" name="getId" visibility="public" complexity="1" crap="1" count="4"/>
      <line num="44" type="stmt" count="4"/>
      <line num="50" type="method" name="setId" visibility="public" complexity="1" crap="2" count="0"/>
      <line num="52" type="stmt" count="0"/>
      <line num="53" type="stmt" count="0"/>
      <line num="58" type="method" name="getIpHash" visibility="public" complexity="1" crap="1" count="3"/>
      <line num="60" type="stmt" count="3"/>
      <line num="68" type="method" name="setIpHash" visibility="public" complexity="1" crap="2" count="0"/>
      <line num="70" type="stmt" count="0"/>
      <line num="72" type="stmt" count="0"/>
      <line num="78" type="method" name="getUsername" visibility="public" complexity="1" crap="1" count="3"/>
      <line num="80" type="stmt" count="3"/>
      <line num="86" type="method" name="setUsername" visibility="public" complexity="1" crap="2" count="0"/>
      <line num="88" type="stmt" count="0"/>
      <line num="90" type="stmt" count="0"/>
      <line num="96" type="method" name="getIpAddress" visibility="public" complexity="1" crap="1" count="3"/>
      <line num="98" type="stmt" count="3"/>
      <line num="104" type="method" name="setIpAddress" visibility="public" complexity="1" crap="2" count="0"/>
      <line num="106" type="stmt" count="0"/>
      <line num="108" type="stmt" count="0"/>
      <line num="114" type="method" name="__toString" visibility="public" complexity="1" crap="2" count="0"/>
      <line num="116" type="stmt" count="0"/>
      <line num="122" type="method" name="toData" visibility="public" complexity="1" crap="2" count="0"/>
      <line num="125" type="stmt" count="0"/>
      <line num="132" type="method" name="toJSON" visibility="public" complexity="1" crap="2" count="0"/>
      <line num="134" type="stmt" count="0"/>
      <metrics loc="136" ncloc="93" classes="1" methods="12" coveredmethods="5" conditionals="0" coveredconditionals="0" statements="20" coveredstatements="9" elements="32" coveredelements="14"/>
    </file>
    <file name="/home/runner/work/admin/admin/src/Domain/Entities/Token.php">
      <class name="AbterPhp\Admin\Domain\Entities\Token" namespace="global">
        <metrics complexity="14" methods="14" coveredmethods="5" conditionals="0" coveredconditionals="0" statements="24" coveredstatements="10" elements="38" coveredelements="15"/>
      </class>
      <line num="32" type="method" name="__construct" visibility="public" complexity="1" crap="1" count="15"/>
      <line num="39" type="stmt" count="15"/>
      <line num="40" type="stmt" count="15"/>
      <line num="41" type="stmt" count="15"/>
      <line num="42" type="stmt" count="15"/>
      <line num="43" type="stmt" count="15"/>
      <line num="44" type="stmt" count="15"/>
      <line num="49" type="method" name="getId" visibility="public" complexity="1" crap="1" count="8"/>
      <line num="51" type="stmt" count="8"/>
      <line num="57" type="method" name="setId" visibility="public" complexity="1" crap="2" count="0"/>
      <line num="59" type="stmt" count="0"/>
      <line num="60" type="stmt" count="0"/>
      <line num="65" type="method" name="getApiClientId" visibility="public" complexity="1" crap="1" count="7"/>
      <line num="67" type="stmt" count="7"/>
      <line num="73" type="method" name="setApiClientId" visibility="public" complexity="1" crap="2" count="0"/>
      <line num="75" type="stmt" count="0"/>
      <line num="77" type="stmt" count="0"/>
      <line num="83" type="method" name="getExpiresAt" visibility="public" complexity="1" crap="1" count="7"/>
      <line num="85" type="stmt" count="7"/>
      <line num="91" type="method" name="setExpiresAt" visibility="public" complexity="1" crap="2" count="0"/>
      <line num="93" type="stmt" count="0"/>
      <line num="95" type="stmt" count="0"/>
      <line num="101" type="method" name="getRevokedAt" visibility="public" complexity="1" crap="1" count="7"/>
      <line num="103" type="stmt" count="7"/>
      <line num="109" type="method" name="setRevokedAt" visibility="public" complexity="1" crap="2" count="0"/>
      <line num="111" type="stmt" count="0"/>
      <line num="113" type="stmt" count="0"/>
      <line num="119" type="method" name="getAdminResources" visibility="public" complexity="1" crap="2" count="0"/>
      <line num="121" type="stmt" count="0"/>
      <line num="127" type="method" name="setAdminResources" visibility="public" complexity="1" crap="2" count="0"/>
      <line num="129" type="stmt" count="0"/>
      <line num="130" type="stmt" count="0"/>
      <line num="135" type="method" name="__toString" visibility="public" complexity="1" crap="2" count="0"/>
      <line num="137" type="stmt" count="0"/>
      <line num="143" type="method" name="toData" visibility="public" complexity="1" crap="2" count="0"/>
      <line num="146" type="stmt" count="0"/>
      <line num="153" type="method" name="toJSON" visibility="public" complexity="1" crap="2" count="0"/>
      <line num="155" type="stmt" count="0"/>
      <metrics loc="157" ncloc="108" classes="1" methods="14" coveredmethods="5" conditionals="0" coveredconditionals="0" statements="24" coveredstatements="10" elements="38" coveredelements="15"/>
    </file>
    <file name="/home/runner/work/admin/admin/src/Domain/Entities/User.php">
      <class name="AbterPhp\Admin\Domain\Entities\User" namespace="global">
        <metrics complexity="22" methods="20" coveredmethods="16" conditionals="0" coveredconditionals="0" statements="48" coveredstatements="33" elements="68" coveredelements="49"/>
      </class>
      <line num="40" type="method" name="__construct" visibility="public" complexity="1" crap="1" count="44"/>
      <line num="50" type="stmt" count="44"/>
      <line num="51" type="stmt" count="44"/>
      <line num="52" type="stmt" count="44"/>
      <line num="53" type="stmt" count="44"/>
      <line num="54" type="stmt" count="44"/>
      <line num="55" type="stmt" count="44"/>
      <line num="56" type="stmt" count="44"/>
      <line num="58" type="stmt" count="44"/>
      <line num="59" type="stmt" count="44"/>
      <line num="64" type="method" name="getId" visibility="public" complexity="1" crap="1" count="26"/>
      <line num="66" type="stmt" count="26"/>
      <line num="72" type="method" name="setId" visibility="public" complexity="1" crap="2" count="0"/>
      <line num="74" type="stmt" count="0"/>
      <line num="75" type="stmt" count="0"/>
      <line num="80" type="method" name="getUsername" visibility="public" complexity="1" crap="1" count="23"/>
      <line num="82" type="stmt" count="23"/>
      <line num="90" type="method" name="setUsername" visibility="public" complexity="1" crap="1" count="4"/>
      <line num="92" type="stmt" count="4"/>
      <line num="94" type="stmt" count="4"/>
      <line num="100" type="method" name="getEmail" visibility="public" complexity="1" crap="1" count="17"/>
      <line num="102" type="stmt" count="17"/>
      <line num="110" type="method" name="setEmail" visibility="public" complexity="1" crap="1" count="4"/>
      <line num="112" type="stmt" count="4"/>
      <line num="114" type="stmt" count="4"/>
      <line num="120" type="method" name="getPassword" visibility="public" complexity="1" crap="1" count="21"/>
      <line num="122" type="stmt" count="21"/>
      <line num="130" type="method" name="setPassword" visibility="public" complexity="1" crap="1" count="2"/>
      <line num="132" type="stmt" count="2"/>
      <line num="134" type="stmt" count="2"/>
      <line num="140" type="method" name="canLogin" visibility="public" complexity="1" crap="1" count="22"/>
      <line num="142" type="stmt" count="22"/>
      <line num="150" type="method" name="setCanLogin" visibility="public" complexity="1" crap="1" count="5"/>
      <line num="152" type="stmt" count="5"/>
      <line num="154" type="stmt" count="5"/>
      <line num="160" type="method" name="isGravatarAllowed" visibility="public" complexity="1" crap="1" count="20"/>
      <line num="162" type="stmt" count="20"/>
      <line num="170" type="method" name="setIsGravatarAllowed" visibility="public" complexity="1" crap="1" count="4"/>
      <line num="172" type="stmt" count="4"/>
      <line num="174" type="stmt" count="4"/>
      <line num="180" type="method" name="getUserLanguage" visibility="public" complexity="1" crap="1" count="20"/>
      <line num="182" type="stmt" count="20"/>
      <line num="190" type="method" name="setUserLanguage" visibility="public" complexity="1" crap="1" count="4"/>
      <line num="192" type="stmt" count="4"/>
      <line num="194" type="stmt" count="4"/>
      <line num="200" type="method" name="getUserGroups" visibility="public" complexity="1" crap="1" count="10"/>
      <line num="202" type="stmt" count="10"/>
      <line num="210" type="method" name="setUserGroups" visibility="public" complexity="2" crap="2" count="44"/>
      <line num="212" type="stmt" count="44"/>
      <line num="213" type="stmt" count="7"/>
      <line num="216" type="stmt" count="44"/>
      <line num="218" type="stmt" count="44"/>
      <line num="224" type="method" name="__toString" visibility="public" complexity="1" crap="2" count="0"/>
      <line num="226" type="stmt" count="0"/>
      <line num="232" type="method" name="toData" visibility="public" complexity="2" crap="6" count="0"/>
      <line num="234" type="stmt" count="0"/>
      <line num="235" type="stmt" count="0"/>
      <line num="236" type="stmt" count="0"/>
      <line num="239" type="stmt" count="0"/>
      <line num="242" type="stmt" count="0"/>
      <line num="243" type="stmt" count="0"/>
      <line num="244" type="stmt" count="0"/>
      <line num="245" type="stmt" count="0"/>
      <line num="246" type="stmt" count="0"/>
      <line num="247" type="stmt" count="0"/>
      <line num="248" type="stmt" count="0"/>
      <line num="255" type="method" name="toJSON" visibility="public" complexity="1" crap="2" count="0"/>
      <line num="257" type="stmt" count="0"/>
      <metrics loc="259" ncloc="175" classes="1" methods="20" coveredmethods="16" conditionals="0" coveredconditionals="0" statements="48" coveredstatements="33" elements="68" coveredelements="49"/>
    </file>
    <file name="/home/runner/work/admin/admin/src/Domain/Entities/UserGroup.php">
      <class name="AbterPhp\Admin\Domain\Entities\UserGroup" namespace="global">
        <metrics complexity="14" methods="12" coveredmethods="8" conditionals="0" coveredconditionals="0" statements="28" coveredstatements="17" elements="40" coveredelements="25"/>
      </class>
      <line num="28" type="method" name="__construct" visibility="public" complexity="1" crap="1" count="31"/>
      <line num="34" type="stmt" count="31"/>
      <line num="35" type="stmt" count="31"/>
      <line num="36" type="stmt" count="31"/>
      <line num="38" type="stmt" count="31"/>
      <line num="39" type="stmt" count="31"/>
      <line num="44" type="method" name="getId" visibility="public" complexity="1" crap="1" count="18"/>
      <line num="46" type="stmt" count="18"/>
      <line num="52" type="method" name="setId" visibility="public" complexity="1" crap="2" count="0"/>
      <line num="54" type="stmt" count="0"/>
      <line num="55" type="stmt" count="0"/>
      <line num="60" type="method" name="getIdentifier" visibility="public" complexity="1" crap="1" count="14"/>
      <line num="62" type="stmt" count="14"/>
      <line num="70" type="method" name="setIdentifier" visibility="public" complexity="1" crap="1" count="3"/>
      <line num="72" type="stmt" count="3"/>
      <line num="74" type="stmt" count="3"/>
      <line num="80" type="method" name="getName" visibility="public" complexity="1" crap="1" count="16"/>
      <line num="82" type="stmt" count="16"/>
      <line num="90" type="method" name="setName" visibility="public" complexity="1" crap="1" count="3"/>
      <line num="92" type="stmt" count="3"/>
      <line num="94" type="stmt" count="3"/>
      <line num="100" type="method" name="getAdminResources" visibility="public" complexity="1" crap="1" count="7"/>
      <line num="102" type="stmt" count="7"/>
      <line num="110" type="method" name="setAdminResources" visibility="public" complexity="2" crap="2" count="31"/>
      <line num="112" type="stmt" count="31"/>
      <line num="113" type="stmt" count="5"/>
      <line num="116" type="stmt" count="31"/>
      <line num="118" type="stmt" count="31"/>
      <line num="124" type="method" name="__toString" visibility="public" complexity="1" crap="2" count="0"/>
      <line num="126" type="stmt" count="0"/>
      <line num="132" type="method" name="toData" visibility="public" complexity="2" crap="6" count="0"/>
      <line num="134" type="stmt" count="0"/>
      <line num="135" type="stmt" count="0"/>
      <line num="136" type="stmt" count="0"/>
      <line num="140" type="stmt" count="0"/>
      <line num="141" type="stmt" count="0"/>
      <line num="142" type="stmt" count="0"/>
      <line num="143" type="stmt" count="0"/>
      <line num="150" type="method" name="toJSON" visibility="public" complexity="1" crap="2" count="0"/>
      <line num="152" type="stmt" count="0"/>
      <metrics loc="154" ncloc="106" classes="1" methods="12" coveredmethods="8" conditionals="0" coveredconditionals="0" statements="28" coveredstatements="17" elements="40" coveredelements="25"/>
    </file>
    <file name="/home/runner/work/admin/admin/src/Domain/Entities/UserLanguage.php">
      <class name="AbterPhp\Admin\Domain\Entities\UserLanguage" namespace="global">
        <metrics complexity="10" methods="10" coveredmethods="6" conditionals="0" coveredconditionals="0" statements="18" coveredstatements="11" elements="28" coveredelements="17"/>
      </class>
      <line num="24" type="method" name="__construct" visibility="public" complexity="1" crap="1" count="63"/>
      <line num="26" type="stmt" count="63"/>
      <line num="27" type="stmt" count="63"/>
      <line num="28" type="stmt" count="63"/>
      <line num="29" type="stmt" count="63"/>
      <line num="34" type="method" name="getId" visibility="public" complexity="1" crap="1" count="23"/>
      <line num="36" type="stmt" count="23"/>
      <line num="42" type="method" name="setId" visibility="public" complexity="1" crap="2" count="0"/>
      <line num="44" type="stmt" count="0"/>
      <line num="45" type="stmt" count="0"/>
      <line num="50" type="method" name="getIdentifier" visibility="public" complexity="1" crap="1" count="15"/>
      <line num="52" type="stmt" count="15"/>
      <line num="60" type="method" name="setIdentifier" visibility="public" complexity="1" crap="1" count="2"/>
      <line num="62" type="stmt" count="2"/>
      <line num="64" type="stmt" count="2"/>
      <line num="70" type="method" name="getName" visibility="public" complexity="1" crap="1" count="6"/>
      <line num="72" type="stmt" count="6"/>
      <line num="80" type="method" name="setName" visibility="public" complexity="1" crap="1" count="2"/>
      <line num="82" type="stmt" count="2"/>
      <line num="84" type="stmt" count="2"/>
      <line num="90" type="method" name="__toString" visibility="public" complexity="1" crap="2" count="0"/>
      <line num="92" type="stmt" count="0"/>
      <line num="98" type="method" name="toData" visibility="public" complexity="1" crap="2" count="0"/>
      <line num="101" type="stmt" count="0"/>
      <line num="102" type="stmt" count="0"/>
      <line num="103" type="stmt" count="0"/>
      <line num="110" type="method" name="toJSON" visibility="public" complexity="1" crap="2" count="0"/>
      <line num="112" type="stmt" count="0"/>
      <metrics loc="114" ncloc="76" classes="1" methods="10" coveredmethods="6" conditionals="0" coveredconditionals="0" statements="18" coveredstatements="11" elements="28" coveredelements="17"/>
    </file>
    <file name="/home/runner/work/admin/admin/src/Events/AdminReady.php">
      <class name="AbterPhp\Admin\Events\AdminReady" namespace="global">
        <metrics complexity="2" methods="2" coveredmethods="1" conditionals="0" coveredconditionals="0" statements="3" coveredstatements="2" elements="5" coveredelements="3"/>
      </class>
      <line num="18" type="method" name="__construct" visibility="public" complexity="1" crap="1" count="3"/>
      <line num="20" type="stmt" count="3"/>
      <line num="21" type="stmt" count="3"/>
      <line num="26" type="method" name="getView" visibility="public" complexity="1" crap="2" count="0"/>
      <line num="28" type="stmt" count="0"/>
      <metrics loc="30" ncloc="22" classes="1" methods="2" coveredmethods="1" conditionals="0" coveredconditionals="0" statements="3" coveredstatements="2" elements="5" coveredelements="3"/>
    </file>
    <file name="/home/runner/work/admin/admin/src/Events/Listeners/AuthInitializer.php">
      <class name="AbterPhp\Admin\Events\Listeners\AuthInitializer" namespace="global">
        <metrics complexity="2" methods="2" coveredmethods="0" conditionals="0" coveredconditionals="0" statements="6" coveredstatements="0" elements="8" coveredelements="0"/>
      </class>
      <line num="23" type="method" name="__construct" visibility="public" complexity="1" crap="2" count="0"/>
      <line num="25" type="stmt" count="0"/>
      <line num="26" type="stmt" count="0"/>
      <line num="27" type="stmt" count="0"/>
      <line num="32" type="method" name="handle" visibility="public" complexity="1" crap="2" count="0"/>
      <line num="34" type="stmt" count="0"/>
      <line num="35" type="stmt" count="0"/>
      <line num="36" type="stmt" count="0"/>
      <metrics loc="37" ncloc="28" classes="1" methods="2" coveredmethods="0" conditionals="0" coveredconditionals="0" statements="6" coveredstatements="0" elements="8" coveredelements="0"/>
    </file>
    <file name="/home/runner/work/admin/admin/src/Events/Listeners/AuthInvalidator.php">
      <class name="AbterPhp\Admin\Events\Listeners\AuthInvalidator" namespace="global">
        <metrics complexity="9" methods="2" coveredmethods="0" conditionals="0" coveredconditionals="0" statements="11" coveredstatements="0" elements="13" coveredelements="0"/>
      </class>
      <line num="27" type="method" name="__construct" visibility="public" complexity="1" crap="2" count="0"/>
      <line num="29" type="stmt" count="0"/>
      <line num="31" type="stmt" count="0"/>
      <line num="32" type="stmt" count="0"/>
      <line num="37" type="method" name="handle" visibility="public" complexity="8" crap="72" count="0"/>
      <line num="40" type="stmt" count="0"/>
      <line num="45" type="stmt" count="0"/>
      <line num="46" type="stmt" count="0"/>
      <line num="50" type="stmt" count="0"/>
      <line num="53" type="stmt" count="0"/>
      <line num="55" type="stmt" count="0"/>
      <line num="56" type="stmt" count="0"/>
      <line num="61" type="stmt" count="0"/>
      <metrics loc="62" ncloc="53" classes="1" methods="2" coveredmethods="0" conditionals="0" coveredconditionals="0" statements="11" coveredstatements="0" elements="13" coveredelements="0"/>
    </file>
    <file name="/home/runner/work/admin/admin/src/Events/Listeners/DashboardBuilder.php">
      <class name="AbterPhp\Admin\Events\Listeners\DashboardBuilder" namespace="global">
        <metrics complexity="1" methods="1" coveredmethods="0" conditionals="0" coveredconditionals="0" statements="2" coveredstatements="0" elements="3" coveredelements="0"/>
      </class>
      <line num="18" type="method" name="handle" visibility="public" complexity="1" crap="2" count="0"/>
      <line num="20" type="stmt" count="0"/>
      <line num="21" type="stmt" count="0"/>
      <metrics loc="22" ncloc="19" classes="1" methods="1" coveredmethods="0" conditionals="0" coveredconditionals="0" statements="2" coveredstatements="0" elements="3" coveredelements="0"/>
    </file>
    <file name="/home/runner/work/admin/admin/src/Events/Listeners/NavigationBuilder.php">
      <class name="AbterPhp\Admin\Events\Listeners\NavigationBuilder" namespace="global">
        <metrics complexity="12" methods="11" coveredmethods="11" conditionals="0" coveredconditionals="0" statements="60" coveredstatements="60" elements="71" coveredelements="71"/>
      </class>
      <line num="37" type="method" name="__construct" visibility="public" complexity="1" crap="1" count="2"/>
      <line num="39" type="stmt" count="2"/>
      <line num="40" type="stmt" count="2"/>
      <line num="41" type="stmt" count="2"/>
      <line num="48" type="method" name="handle" visibility="public" complexity="2" crap="2" count="2"/>
      <line num="50" type="stmt" count="2"/>
      <line num="52" type="stmt" count="2"/>
      <line num="53" type="stmt" count="1"/>
      <line num="56" type="stmt" count="1"/>
      <line num="58" type="stmt" count="1"/>
      <line num="59" type="stmt" count="1"/>
      <line num="60" type="stmt" count="1"/>
      <line num="62" type="stmt" count="1"/>
      <line num="63" type="stmt" count="1"/>
      <line num="64" type="stmt" count="1"/>
      <line num="65" type="stmt" count="1"/>
      <line num="66" type="stmt" count="1"/>
      <line num="68" type="stmt" count="1"/>
      <line num="70" type="stmt" count="1"/>
      <line num="71" type="stmt" count="1"/>
      <line num="72" type="stmt" count="1"/>
      <line num="79" type="method" name="insertFirstItem" visibility="protected" complexity="1" crap="1" count="1"/>
      <line num="81" type="stmt" count="1"/>
      <line num="83" type="stmt" count="1"/>
      <line num="84" type="stmt" count="1"/>
      <line num="86" type="stmt" count="1"/>
      <line num="87" type="stmt" count="1"/>
      <line num="92" type="method" name="createUserBlock" visibility="protected" complexity="1" crap="1" count="1"/>
      <line num="94" type="stmt" count="1"/>
      <line num="101" type="method" name="createUserBlockDropdown" visibility="protected" complexity="1" crap="1" count="1"/>
      <line num="103" type="stmt" count="1"/>
      <line num="104" type="stmt" count="1"/>
      <line num="105" type="stmt" count="1"/>
      <line num="106" type="stmt" count="1"/>
      <line num="108" type="stmt" count="1"/>
      <line num="115" type="method" name="createApiClientsItem" visibility="protected" complexity="1" crap="1" count="1"/>
      <line num="117" type="stmt" count="1"/>
      <line num="118" type="stmt" count="1"/>
      <line num="120" type="stmt" count="1"/>
      <line num="121" type="stmt" count="1"/>
      <line num="123" type="stmt" count="1"/>
      <line num="124" type="stmt" count="1"/>
      <line num="126" type="stmt" count="1"/>
      <line num="133" type="method" name="createProfileItem" visibility="protected" complexity="1" crap="1" count="1"/>
      <line num="135" type="stmt" count="1"/>
      <line num="136" type="stmt" count="1"/>
      <line num="138" type="stmt" count="1"/>
      <line num="140" type="stmt" count="1"/>
      <line num="147" type="method" name="createUserItem" visibility="protected" complexity="1" crap="1" count="1"/>
      <line num="149" type="stmt" count="1"/>
      <line num="150" type="stmt" count="1"/>
      <line num="152" type="stmt" count="1"/>
      <line num="153" type="stmt" count="1"/>
      <line num="155" type="stmt" count="1"/>
      <line num="156" type="stmt" count="1"/>
      <line num="158" type="stmt" count="1"/>
      <line num="165" type="method" name="createUserGroupItem" visibility="protected" complexity="1" crap="1" count="1"/>
      <line num="167" type="stmt" count="1"/>
      <line num="168" type="stmt" count="1"/>
      <line num="170" type="stmt" count="1"/>
      <line num="171" type="stmt" count="1"/>
      <line num="173" type="stmt" count="1"/>
      <line num="174" type="stmt" count="1"/>
      <line num="176" type="stmt" count="1"/>
      <line num="183" type="method" name="createLogoutItem" visibility="protected" complexity="1" crap="1" count="1"/>
      <line num="185" type="stmt" count="1"/>
      <line num="186" type="stmt" count="1"/>
      <line num="188" type="stmt" count="1"/>
      <line num="190" type="stmt" count="1"/>
      <line num="198" type="method" name="getAdminResource" visibility="protected" complexity="1" crap="1" count="1"/>
      <line num="200" type="stmt" count="1"/>
      <metrics loc="202" ncloc="152" classes="1" methods="11" coveredmethods="11" conditionals="0" coveredconditionals="0" statements="60" coveredstatements="60" elements="71" coveredelements="71"/>
    </file>
    <file name="/home/runner/work/admin/admin/src/Exception/Database.php">
      <class name="AbterPhp\Admin\Exception\Database" namespace="global">
        <metrics complexity="1" methods="1" coveredmethods="1" conditionals="0" coveredconditionals="0" statements="4" coveredstatements="4" elements="5" coveredelements="5"/>
      </class>
      <line num="18" type="method" name="__construct" visibility="public" complexity="1" crap="1" count="11"/>
      <line num="22" type="stmt" count="11"/>
      <line num="23" type="stmt" count="11"/>
      <line num="25" type="stmt" count="11"/>
      <line num="26" type="stmt" count="11"/>
      <metrics loc="27" ncloc="21" classes="1" methods="1" coveredmethods="1" conditionals="0" coveredconditionals="0" statements="4" coveredstatements="4" elements="5" coveredelements="5"/>
    </file>
    <file name="/home/runner/work/admin/admin/src/Form/Factory/ApiClient.php">
      <class name="AbterPhp\Admin\Form\Factory\ApiClient" namespace="global">
        <metrics complexity="14" methods="11" coveredmethods="11" conditionals="0" coveredconditionals="0" statements="83" coveredstatements="83" elements="94" coveredelements="94"/>
      </class>
      <line num="44" type="method" name="__construct" visibility="public" complexity="1" crap="1" count="2"/>
      <line num="50" type="stmt" count="2"/>
      <line num="52" type="stmt" count="2"/>
      <line num="53" type="stmt" count="2"/>
      <line num="54" type="stmt" count="2"/>
      <line num="65" type="method" name="create" visibility="public" complexity="1" crap="1" count="2"/>
      <line num="67" type="stmt" count="2"/>
      <line num="69" type="stmt" count="1"/>
      <line num="70" type="stmt" count="1"/>
      <line num="71" type="stmt" count="1"/>
      <line num="72" type="stmt" count="1"/>
      <line num="73" type="stmt" count="1"/>
      <line num="74" type="stmt" count="1"/>
      <line num="75" type="stmt" count="1"/>
      <line num="76" type="stmt" count="1"/>
      <line num="78" type="stmt" count="1"/>
      <line num="80" type="stmt" count="1"/>
      <line num="82" type="stmt" count="1"/>
      <line num="88" type="method" name="addJsOnly" visibility="protected" complexity="1" crap="1" count="1"/>
      <line num="90" type="stmt" count="1"/>
      <line num="91" type="stmt" count="1"/>
      <line num="92" type="stmt" count="1"/>
      <line num="94" type="stmt" count="1"/>
      <line num="96" type="stmt" count="1"/>
      <line num="98" type="stmt" count="1"/>
      <line num="106" type="method" name="addId" visibility="protected" complexity="1" crap="1" count="1"/>
      <line num="108" type="stmt" count="1"/>
      <line num="109" type="stmt" count="1"/>
      <line num="111" type="stmt" count="1"/>
      <line num="119" type="method" name="addDescription" visibility="protected" complexity="1" crap="1" count="1"/>
      <line num="121" type="stmt" count="1"/>
      <line num="122" type="stmt" count="1"/>
      <line num="123" type="stmt" count="1"/>
      <line num="124" type="stmt" count="1"/>
      <line num="126" type="stmt" count="1"/>
      <line num="128" type="stmt" count="1"/>
      <line num="130" type="stmt" count="1"/>
      <line num="139" type="method" name="addAdminResources" visibility="protected" complexity="2" crap="2" count="1"/>
      <line num="141" type="stmt" count="1"/>
      <line num="143" type="stmt" count="1"/>
      <line num="144" type="stmt" count="1"/>
      <line num="145" type="stmt" count="1"/>
      <line num="148" type="stmt" count="1"/>
      <line num="150" type="stmt" count="1"/>
      <line num="151" type="stmt" count="1"/>
      <line num="152" type="stmt" count="1"/>
      <line num="155" type="stmt" count="1"/>
      <line num="162" type="method" name="getUserResources" visibility="protected" complexity="1" crap="1" count="1"/>
      <line num="164" type="stmt" count="1"/>
      <line num="166" type="stmt" count="1"/>
      <line num="175" type="method" name="createAdminResourceOptions" visibility="protected" complexity="2" crap="2" count="1"/>
      <line num="177" type="stmt" count="1"/>
      <line num="179" type="stmt" count="1"/>
      <line num="180" type="stmt" count="1"/>
      <line num="181" type="stmt" count="1"/>
      <line num="182" type="stmt" count="1"/>
      <line num="185" type="stmt" count="1"/>
      <line num="193" type="method" name="createAdminResourceSelect" visibility="protected" complexity="2" crap="2" count="1"/>
      <line num="195" type="stmt" count="1"/>
      <line num="196" type="stmt" count="1"/>
      <line num="197" type="stmt" count="1"/>
      <line num="198" type="stmt" count="1"/>
      <line num="200" type="stmt" count="1"/>
      <line num="202" type="stmt" count="1"/>
      <line num="204" type="stmt" count="1"/>
      <line num="205" type="stmt" count="1"/>
      <line num="208" type="stmt" count="1"/>
      <line num="214" type="method" name="addSecret" visibility="protected" complexity="1" crap="1" count="1"/>
      <line num="216" type="stmt" count="1"/>
      <line num="217" type="stmt" count="1"/>
      <line num="218" type="stmt" count="1"/>
      <line num="220" type="stmt" count="1"/>
      <line num="222" type="stmt" count="1"/>
      <line num="230" type="stmt" count="1"/>
      <line num="231" type="stmt" count="1"/>
      <line num="232" type="stmt" count="1"/>
      <line num="233" type="stmt" count="1"/>
      <line num="234" type="stmt" count="1"/>
      <line num="235" type="stmt" count="1"/>
      <line num="237" type="stmt" count="1"/>
      <line num="240" type="stmt" count="1"/>
      <line num="241" type="stmt" count="1"/>
      <line num="243" type="stmt" count="1"/>
      <line num="244" type="stmt" count="1"/>
      <line num="245" type="stmt" count="1"/>
      <line num="246" type="stmt" count="1"/>
      <line num="248" type="stmt" count="1"/>
      <line num="250" type="stmt" count="1"/>
      <line num="251" type="stmt" count="1"/>
      <line num="252" type="stmt" count="1"/>
      <line num="256" type="stmt" count="1"/>
      <line num="258" type="stmt" count="1"/>
      <line num="264" type="method" name="createAdminResourceLabel" visibility="protected" complexity="1" crap="1" count="1"/>
      <line num="266" type="stmt" count="1"/>
      <metrics loc="268" ncloc="211" classes="1" methods="11" coveredmethods="11" conditionals="0" coveredconditionals="0" statements="83" coveredstatements="83" elements="94" coveredelements="94"/>
    </file>
    <file name="/home/runner/work/admin/admin/src/Form/Factory/Base.php">
      <class name="AbterPhp\Admin\Form\Factory\Base" namespace="global">
        <metrics complexity="8" methods="6" coveredmethods="5" conditionals="0" coveredconditionals="0" statements="26" coveredstatements="25" elements="32" coveredelements="30"/>
      </class>
      <line num="35" type="method" name="__construct" visibility="public" complexity="1" crap="1" count="8"/>
      <line num="37" type="stmt" count="8"/>
      <line num="38" type="stmt" count="8"/>
      <line num="39" type="stmt" count="8"/>
      <line num="50" type="method" name="createForm" visibility="protected" complexity="3" crap="3.03" count="4"/>
      <line num="57" type="stmt" count="4"/>
      <line num="58" type="stmt" count="4"/>
      <line num="59" type="stmt" count="0"/>
      <line num="62" type="stmt" count="4"/>
      <line num="64" type="stmt" count="4"/>
      <line num="66" type="stmt" count="4"/>
      <line num="68" type="stmt" count="4"/>
      <line num="74" type="method" name="addHttpMethod" visibility="private" complexity="1" crap="1" count="4"/>
      <line num="76" type="stmt" count="4"/>
      <line num="77" type="stmt" count="4"/>
      <line num="78" type="stmt" count="4"/>
      <line num="83" type="method" name="addDefaultElements" visibility="protected" complexity="1" crap="1" count="4"/>
      <line num="85" type="stmt" count="4"/>
      <line num="86" type="stmt" count="4"/>
      <line num="88" type="stmt" count="4"/>
      <line num="89" type="stmt" count="4"/>
      <line num="91" type="stmt" count="4"/>
      <line num="99" type="method" name="addDefaultButtons" visibility="protected" complexity="1" crap="1" count="3"/>
      <line num="101" type="stmt" count="3"/>
      <line num="104" type="stmt" count="3"/>
      <line num="105" type="stmt" count="3"/>
      <line num="106" type="stmt" count="3"/>
      <line num="107" type="stmt" count="3"/>
      <line num="109" type="stmt" count="3"/>
      <line num="111" type="stmt" count="3"/>
      <line num="121" type="method" name="getMultiSelectSize" visibility="protected" complexity="1" crap="1" count="3"/>
      <line num="123" type="stmt" count="3"/>
      <metrics loc="125" ncloc="92" classes="1" methods="6" coveredmethods="5" conditionals="0" coveredconditionals="0" statements="26" coveredstatements="25" elements="32" coveredelements="30"/>
    </file>
    <file name="/home/runner/work/admin/admin/src/Form/Factory/IFormFactory.php">
      <metrics loc="21" ncloc="13" classes="0" methods="0" coveredmethods="0" conditionals="0" coveredconditionals="0" statements="0" coveredstatements="0" elements="0" coveredelements="0"/>
    </file>
    <file name="/home/runner/work/admin/admin/src/Form/Factory/Profile.php">
      <class name="AbterPhp\Admin\Form\Factory\Profile" namespace="global">
        <metrics complexity="2" methods="2" coveredmethods="2" conditionals="0" coveredconditionals="0" statements="11" coveredstatements="11" elements="13" coveredelements="13"/>
      </class>
      <line num="20" type="method" name="addCanLogin" visibility="protected" complexity="1" crap="1" count="1"/>
      <line num="22" type="stmt" count="1"/>
      <line num="23" type="stmt" count="1"/>
      <line num="24" type="stmt" count="1"/>
      <line num="25" type="stmt" count="1"/>
      <line num="26" type="stmt" count="1"/>
      <line num="27" type="stmt" count="1"/>
      <line num="30" type="stmt" count="1"/>
      <line num="40" type="method" name="addDefaultButtons" visibility="protected" complexity="1" crap="1" count="1"/>
      <line num="42" type="stmt" count="1"/>
      <line num="44" type="stmt" count="1"/>
      <line num="46" type="stmt" count="1"/>
      <line num="48" type="stmt" count="1"/>
      <metrics loc="50" ncloc="38" classes="1" methods="2" coveredmethods="2" conditionals="0" coveredconditionals="0" statements="11" coveredstatements="11" elements="13" coveredelements="13"/>
    </file>
    <file name="/home/runner/work/admin/admin/src/Form/Factory/User.php">
      <class name="AbterPhp\Admin\Form\Factory\User" namespace="global">
        <metrics complexity="30" methods="21" coveredmethods="21" conditionals="0" coveredconditionals="0" statements="160" coveredstatements="160" elements="181" coveredelements="181"/>
      </class>
      <line num="43" type="method" name="__construct" visibility="public" complexity="1" crap="1" count="4"/>
      <line num="49" type="stmt" count="4"/>
      <line num="51" type="stmt" count="4"/>
      <line num="52" type="stmt" count="4"/>
      <line num="53" type="stmt" count="4"/>
      <line num="64" type="method" name="create" visibility="public" complexity="1" crap="1" count="4"/>
      <line num="66" type="stmt" count="4"/>
      <line num="68" type="stmt" count="2"/>
      <line num="69" type="stmt" count="2"/>
      <line num="70" type="stmt" count="2"/>
      <line num="71" type="stmt" count="2"/>
      <line num="72" type="stmt" count="2"/>
      <line num="73" type="stmt" count="2"/>
      <line num="74" type="stmt" count="2"/>
      <line num="75" type="stmt" count="2"/>
      <line num="76" type="stmt" count="2"/>
      <line num="77" type="stmt" count="2"/>
      <line num="78" type="stmt" count="2"/>
      <line num="79" type="stmt" count="2"/>
      <line num="80" type="stmt" count="2"/>
      <line num="81" type="stmt" count="2"/>
      <line num="83" type="stmt" count="2"/>
      <line num="85" type="stmt" count="2"/>
      <line num="87" type="stmt" count="2"/>
      <line num="93" type="method" name="addJsOnly" visibility="protected" complexity="1" crap="1" count="2"/>
      <line num="95" type="stmt" count="2"/>
      <line num="96" type="stmt" count="2"/>
      <line num="97" type="stmt" count="2"/>
      <line num="99" type="stmt" count="2"/>
      <line num="101" type="stmt" count="2"/>
      <line num="103" type="stmt" count="2"/>
      <line num="111" type="method" name="addUsername" visibility="protected" complexity="1" crap="1" count="2"/>
      <line num="113" type="stmt" count="2"/>
      <line num="114" type="stmt" count="2"/>
      <line num="115" type="stmt" count="2"/>
      <line num="117" type="stmt" count="2"/>
      <line num="118" type="stmt" count="2"/>
      <line num="120" type="stmt" count="2"/>
      <line num="128" type="method" name="addEmail" visibility="protected" complexity="1" crap="1" count="2"/>
      <line num="130" type="stmt" count="2"/>
      <line num="131" type="stmt" count="2"/>
      <line num="132" type="stmt" count="2"/>
      <line num="133" type="stmt" count="2"/>
      <line num="134" type="stmt" count="2"/>
      <line num="135" type="stmt" count="2"/>
      <line num="137" type="stmt" count="2"/>
      <line num="142" type="stmt" count="2"/>
      <line num="144" type="stmt" count="2"/>
      <line num="145" type="stmt" count="2"/>
      <line num="147" type="stmt" count="2"/>
      <line num="153" type="method" name="addPassword" visibility="protected" complexity="1" crap="1" count="2"/>
      <line num="155" type="stmt" count="2"/>
      <line num="156" type="stmt" count="2"/>
      <line num="157" type="stmt" count="2"/>
      <line num="158" type="stmt" count="2"/>
      <line num="159" type="stmt" count="2"/>
      <line num="160" type="stmt" count="2"/>
      <line num="163" type="stmt" count="2"/>
      <line num="169" type="method" name="addPasswordConfirmed" visibility="protected" complexity="1" crap="1" count="2"/>
      <line num="171" type="stmt" count="2"/>
      <line num="172" type="stmt" count="2"/>
      <line num="173" type="stmt" count="2"/>
      <line num="174" type="stmt" count="2"/>
      <line num="175" type="stmt" count="2"/>
      <line num="176" type="stmt" count="2"/>
      <line num="179" type="stmt" count="2"/>
      <line num="187" type="method" name="addRawPassword" visibility="protected" complexity="2" crap="2" count="2"/>
      <line num="189" type="stmt" count="2"/>
      <line num="190" type="stmt" count="2"/>
      <line num="191" type="stmt" count="2"/>
      <line num="192" type="stmt" count="2"/>
      <line num="193" type="stmt" count="2"/>
      <line num="194" type="stmt" count="2"/>
      <line num="196" type="stmt" count="2"/>
      <line num="201" type="stmt" count="2"/>
      <line num="203" type="stmt" count="2"/>
      <line num="205" type="stmt" count="2"/>
      <line num="206" type="stmt" count="2"/>
      <line num="208" type="stmt" count="2"/>
      <line num="216" type="method" name="addRawPasswordConfirmed" visibility="protected" complexity="2" crap="2" count="2"/>
      <line num="218" type="stmt" count="2"/>
      <line num="219" type="stmt" count="2"/>
      <line num="220" type="stmt" count="2"/>
      <line num="221" type="stmt" count="2"/>
      <line num="222" type="stmt" count="2"/>
      <line num="223" type="stmt" count="2"/>
      <line num="225" type="stmt" count="2"/>
      <line num="230" type="stmt" count="2"/>
      <line num="232" type="stmt" count="2"/>
      <line num="234" type="stmt" count="2"/>
      <line num="235" type="stmt" count="2"/>
      <line num="237" type="stmt" count="2"/>
      <line num="245" type="method" name="addCanLogin" visibility="protected" complexity="2" crap="2" count="1"/>
      <line num="247" type="stmt" count="1"/>
      <line num="248" type="stmt" count="1"/>
      <line num="249" type="stmt" count="1"/>
      <line num="251" type="stmt" count="1"/>
      <line num="252" type="stmt" count="1"/>
      <line num="253" type="stmt" count="1"/>
      <line num="254" type="stmt" count="1"/>
      <line num="255" type="stmt" count="1"/>
      <line num="258" type="stmt" count="1"/>
      <line num="259" type="stmt" count="1"/>
      <line num="261" type="stmt" count="1"/>
      <line num="263" type="stmt" count="1"/>
      <line num="271" type="method" name="addIsGravatarAllowed" visibility="protected" complexity="2" crap="2" count="2"/>
      <line num="273" type="stmt" count="2"/>
      <line num="274" type="stmt" count="2"/>
      <line num="275" type="stmt" count="2"/>
      <line num="277" type="stmt" count="2"/>
      <line num="278" type="stmt" count="2"/>
      <line num="279" type="stmt" count="2"/>
      <line num="280" type="stmt" count="2"/>
      <line num="281" type="stmt" count="2"/>
      <line num="284" type="stmt" count="2"/>
      <line num="285" type="stmt" count="2"/>
      <line num="286" type="stmt" count="2"/>
      <line num="288" type="stmt" count="2"/>
      <line num="290" type="stmt" count="2"/>
      <line num="292" type="stmt" count="2"/>
      <line num="301" type="method" name="addUserGroups" visibility="protected" complexity="2" crap="2" count="2"/>
      <line num="303" type="stmt" count="2"/>
      <line num="305" type="stmt" count="2"/>
      <line num="306" type="stmt" count="2"/>
      <line num="307" type="stmt" count="2"/>
      <line num="310" type="stmt" count="2"/>
      <line num="312" type="stmt" count="2"/>
      <line num="313" type="stmt" count="2"/>
      <line num="314" type="stmt" count="2"/>
      <line num="317" type="stmt" count="2"/>
      <line num="324" type="method" name="getAllUserGroups" visibility="protected" complexity="1" crap="1" count="2"/>
      <line num="326" type="stmt" count="2"/>
      <line num="335" type="method" name="createUserGroupOptions" visibility="protected" complexity="2" crap="2" count="2"/>
      <line num="337" type="stmt" count="2"/>
      <line num="338" type="stmt" count="2"/>
      <line num="339" type="stmt" count="2"/>
      <line num="340" type="stmt" count="2"/>
      <line num="343" type="stmt" count="2"/>
      <line num="351" type="method" name="createUserGroupSelect" visibility="protected" complexity="2" crap="2" count="2"/>
      <line num="353" type="stmt" count="2"/>
      <line num="354" type="stmt" count="2"/>
      <line num="355" type="stmt" count="2"/>
      <line num="356" type="stmt" count="2"/>
      <line num="358" type="stmt" count="2"/>
      <line num="360" type="stmt" count="2"/>
      <line num="362" type="stmt" count="2"/>
      <line num="363" type="stmt" count="2"/>
      <line num="366" type="stmt" count="2"/>
      <line num="372" type="method" name="createUserGroupLabel" visibility="protected" complexity="1" crap="1" count="2"/>
      <line num="374" type="stmt" count="2"/>
      <line num="383" type="method" name="addUserLanguages" visibility="protected" complexity="1" crap="1" count="2"/>
      <line num="385" type="stmt" count="2"/>
      <line num="386" type="stmt" count="2"/>
      <line num="388" type="stmt" count="2"/>
      <line num="390" type="stmt" count="2"/>
      <line num="391" type="stmt" count="2"/>
      <line num="392" type="stmt" count="2"/>
      <line num="393" type="stmt" count="2"/>
      <line num="394" type="stmt" count="2"/>
      <line num="395" type="stmt" count="2"/>
      <line num="399" type="stmt" count="2"/>
      <line num="406" type="method" name="getAllUserLanguages" visibility="protected" complexity="1" crap="1" count="2"/>
      <line num="408" type="stmt" count="2"/>
      <line num="417" type="method" name="createUserLanguageOptions" visibility="protected" complexity="2" crap="2" count="2"/>
      <line num="419" type="stmt" count="2"/>
      <line num="420" type="stmt" count="2"/>
      <line num="421" type="stmt" count="2"/>
      <line num="422" type="stmt" count="2"/>
      <line num="425" type="stmt" count="2"/>
      <line num="433" type="method" name="createUserLanguageSelect" visibility="protected" complexity="2" crap="2" count="2"/>
      <line num="435" type="stmt" count="2"/>
      <line num="436" type="stmt" count="2"/>
      <line num="437" type="stmt" count="2"/>
      <line num="438" type="stmt" count="2"/>
      <line num="440" type="stmt" count="2"/>
      <line num="442" type="stmt" count="2"/>
      <line num="444" type="stmt" count="2"/>
      <line num="445" type="stmt" count="2"/>
      <line num="448" type="stmt" count="2"/>
      <line num="454" type="method" name="createUserLanguageLabel" visibility="protected" complexity="1" crap="1" count="2"/>
      <line num="456" type="stmt" count="2"/>
      <metrics loc="458" ncloc="354" classes="1" methods="21" coveredmethods="21" conditionals="0" coveredconditionals="0" statements="160" coveredstatements="160" elements="181" coveredelements="181"/>
    </file>
    <file name="/home/runner/work/admin/admin/src/Form/Factory/UserGroup.php">
      <class name="AbterPhp\Admin\Form\Factory\UserGroup" namespace="global">
        <metrics complexity="14" methods="11" coveredmethods="11" conditionals="0" coveredconditionals="0" statements="61" coveredstatements="61" elements="72" coveredelements="72"/>
      </class>
      <line num="36" type="method" name="__construct" visibility="public" complexity="1" crap="1" count="2"/>
      <line num="38" type="stmt" count="2"/>
      <line num="40" type="stmt" count="2"/>
      <line num="41" type="stmt" count="2"/>
      <line num="52" type="method" name="create" visibility="public" complexity="1" crap="1" count="2"/>
      <line num="54" type="stmt" count="2"/>
      <line num="56" type="stmt" count="1"/>
      <line num="57" type="stmt" count="1"/>
      <line num="58" type="stmt" count="1"/>
      <line num="59" type="stmt" count="1"/>
      <line num="60" type="stmt" count="1"/>
      <line num="61" type="stmt" count="1"/>
      <line num="63" type="stmt" count="1"/>
      <line num="65" type="stmt" count="1"/>
      <line num="67" type="stmt" count="1"/>
      <line num="75" type="method" name="addName" visibility="protected" complexity="1" crap="1" count="1"/>
      <line num="77" type="stmt" count="1"/>
      <line num="78" type="stmt" count="1"/>
      <line num="80" type="stmt" count="1"/>
      <line num="81" type="stmt" count="1"/>
      <line num="83" type="stmt" count="1"/>
      <line num="91" type="method" name="addIdentifier" visibility="protected" complexity="1" crap="1" count="1"/>
      <line num="93" type="stmt" count="1"/>
      <line num="94" type="stmt" count="1"/>
      <line num="95" type="stmt" count="1"/>
      <line num="96" type="stmt" count="1"/>
      <line num="97" type="stmt" count="1"/>
      <line num="98" type="stmt" count="1"/>
      <line num="100" type="stmt" count="1"/>
      <line num="101" type="stmt" count="1"/>
      <line num="103" type="stmt" count="1"/>
      <line num="105" type="stmt" count="1"/>
      <line num="114" type="method" name="addAdminResources" visibility="protected" complexity="1" crap="1" count="1"/>
      <line num="116" type="stmt" count="1"/>
      <line num="117" type="stmt" count="1"/>
      <line num="119" type="stmt" count="1"/>
      <line num="121" type="stmt" count="1"/>
      <line num="122" type="stmt" count="1"/>
      <line num="123" type="stmt" count="1"/>
      <line num="126" type="stmt" count="1"/>
      <line num="133" type="method" name="getAllAdminResources" visibility="protected" complexity="1" crap="1" count="1"/>
      <line num="135" type="stmt" count="1"/>
      <line num="143" type="method" name="getAdminResourceIds" visibility="protected" complexity="2" crap="2" count="1"/>
      <line num="145" type="stmt" count="1"/>
      <line num="146" type="stmt" count="1"/>
      <line num="147" type="stmt" count="1"/>
      <line num="150" type="stmt" count="1"/>
      <line num="159" type="method" name="createAdminResourceOptions" visibility="protected" complexity="2" crap="2" count="1"/>
      <line num="161" type="stmt" count="1"/>
      <line num="162" type="stmt" count="1"/>
      <line num="163" type="stmt" count="1"/>
      <line num="164" type="stmt" count="1"/>
      <line num="165" type="stmt" count="1"/>
      <line num="166" type="stmt" count="1"/>
      <line num="170" type="stmt" count="1"/>
      <line num="178" type="method" name="createAdminResourceSelect" visibility="protected" complexity="2" crap="2" count="1"/>
      <line num="180" type="stmt" count="1"/>
      <line num="181" type="stmt" count="1"/>
      <line num="182" type="stmt" count="1"/>
      <line num="183" type="stmt" count="1"/>
      <line num="185" type="stmt" count="1"/>
      <line num="186" type="stmt" count="1"/>
      <line num="187" type="stmt" count="1"/>
      <line num="188" type="stmt" count="1"/>
      <line num="189" type="stmt" count="1"/>
      <line num="192" type="stmt" count="1"/>
      <line num="193" type="stmt" count="1"/>
      <line num="196" type="stmt" count="1"/>
      <line num="202" type="method" name="createAdminResourceLabel" visibility="protected" complexity="1" crap="1" count="1"/>
      <line num="204" type="stmt" count="1"/>
      <line num="214" type="method" name="getMultiSelectSize" visibility="protected" complexity="1" crap="1" count="1"/>
      <line num="216" type="stmt" count="1"/>
      <metrics loc="218" ncloc="156" classes="1" methods="11" coveredmethods="11" conditionals="0" coveredconditionals="0" statements="61" coveredstatements="61" elements="72" coveredelements="72"/>
    </file>
    <file name="/home/runner/work/admin/admin/src/Grid/Factory/ApiClient.php">
      <class name="AbterPhp\Admin\Grid\Factory\ApiClient" namespace="global">
        <metrics complexity="3" methods="3" coveredmethods="3" conditionals="0" coveredconditionals="0" statements="18" coveredstatements="18" elements="21" coveredelements="21"/>
      </class>
      <line num="36" type="method" name="__construct" visibility="public" complexity="1" crap="1" count="1"/>
      <line num="44" type="stmt" count="1"/>
      <line num="46" type="stmt" count="1"/>
      <line num="47" type="stmt" count="1"/>
      <line num="52" type="method" name="getGetters" visibility="public" complexity="1" crap="1" count="1"/>
      <line num="55" type="stmt" count="1"/>
      <line num="56" type="stmt" count="1"/>
      <line num="63" type="method" name="getRowActions" visibility="protected" complexity="1" crap="1" count="1"/>
      <line num="65" type="stmt" count="1"/>
      <line num="67" type="stmt" count="1"/>
      <line num="68" type="stmt" count="1"/>
      <line num="70" type="stmt" count="1"/>
      <line num="71" type="stmt" count="1"/>
      <line num="72" type="stmt" count="1"/>
      <line num="73" type="stmt" count="1"/>
      <line num="76" type="stmt" count="1"/>
      <line num="78" type="stmt" count="1"/>
      <line num="79" type="stmt" count="1"/>
      <line num="80" type="stmt" count="1"/>
      <line num="83" type="stmt" count="1"/>
      <line num="86" type="stmt" count="1"/>
      <metrics loc="88" ncloc="71" classes="1" methods="3" coveredmethods="3" conditionals="0" coveredconditionals="0" statements="18" coveredstatements="18" elements="21" coveredelements="21"/>
    </file>
    <file name="/home/runner/work/admin/admin/src/Grid/Factory/BaseFactory.php">
      <class name="AbterPhp\Admin\Grid\Factory\BaseFactory" namespace="global">
        <metrics complexity="7" methods="6" coveredmethods="4" conditionals="0" coveredconditionals="0" statements="25" coveredstatements="22" elements="31" coveredelements="26"/>
      </class>
      <line num="59" type="method" name="__construct" visibility="public" complexity="2" crap="2" count="4"/>
      <line num="66" type="stmt" count="4"/>
      <line num="67" type="stmt" count="4"/>
      <line num="68" type="stmt" count="4"/>
      <line num="69" type="stmt" count="4"/>
      <line num="70" type="stmt" count="4"/>
      <line num="71" type="stmt" count="4"/>
      <line num="78" type="method" name="setFilters" visibility="public" complexity="1" crap="2" count="0"/>
      <line num="80" type="stmt" count="0"/>
      <line num="82" type="stmt" count="0"/>
      <line num="91" type="method" name="createGrid" visibility="public" complexity="1" crap="1" count="4"/>
      <line num="93" type="stmt" count="4"/>
      <line num="95" type="stmt" count="4"/>
      <line num="97" type="stmt" count="4"/>
      <line num="98" type="stmt" count="4"/>
      <line num="99" type="stmt" count="4"/>
      <line num="101" type="stmt" count="4"/>
      <line num="102" type="stmt" count="4"/>
      <line num="104" type="stmt" count="4"/>
      <line num="105" type="stmt" count="4"/>
      <line num="106" type="stmt" count="4"/>
      <line num="108" type="stmt" count="4"/>
      <line num="116" type="method" name="getRowActions" visibility="protected" complexity="1" crap="1" count="1"/>
      <line num="118" type="stmt" count="1"/>
      <line num="124" type="method" name="getGridActions" visibility="protected" complexity="1" crap="1" count="4"/>
      <line num="126" type="stmt" count="4"/>
      <line num="132" type="method" name="getAttributeCallbacks" visibility="protected" complexity="1" crap="1.02" count="3"/>
      <line num="134" type="stmt" count="3"/>
      <line num="136" type="stmt" count="3"/>
      <line num="138" type="stmt" count="0"/>
      <line num="142" type="stmt" count="3"/>
      <metrics loc="145" ncloc="110" classes="1" methods="6" coveredmethods="4" conditionals="0" coveredconditionals="0" statements="25" coveredstatements="22" elements="31" coveredelements="26"/>
    </file>
    <file name="/home/runner/work/admin/admin/src/Grid/Factory/GridFactory.php">
      <class name="AbterPhp\Admin\Grid\Factory\GridFactory" namespace="global">
        <metrics complexity="2" methods="2" coveredmethods="2" conditionals="0" coveredconditionals="0" statements="3" coveredstatements="3" elements="5" coveredelements="5"/>
      </class>
      <line num="22" type="method" name="__construct" visibility="public" complexity="1" crap="1" count="1"/>
      <line num="24" type="stmt" count="1"/>
      <line num="25" type="stmt" count="1"/>
      <line num="36" type="method" name="create" visibility="public" complexity="1" crap="1" count="1"/>
      <line num="38" type="stmt" count="1"/>
      <metrics loc="40" ncloc="31" classes="1" methods="2" coveredmethods="2" conditionals="0" coveredconditionals="0" statements="3" coveredstatements="3" elements="5" coveredelements="5"/>
    </file>
    <file name="/home/runner/work/admin/admin/src/Grid/Factory/PaginationFactory.php">
      <class name="AbterPhp\Admin\Grid\Factory\PaginationFactory" namespace="global">
[...]
      <line num="98" type="method" name="fillEntity" visibility="protected" complexity="5" crap="5" count="4"/>
      <line num="100" type="stmt" count="4"/>
      <line num="102" type="stmt" count="4"/>
      <line num="103" type="stmt" count="4"/>
      <line num="104" type="stmt" count="4"/>
      <line num="105" type="stmt" count="4"/>
      <line num="106" type="stmt" count="4"/>
      <line num="107" type="stmt" count="4"/>
      <line num="108" type="stmt" count="4"/>
      <line num="110" type="stmt" count="4"/>
      <line num="111" type="stmt" count="4"/>
      <line num="112" type="stmt" count="4"/>
      <line num="113" type="stmt" count="4"/>
      <line num="114" type="stmt" count="4"/>
      <line num="115" type="stmt" count="4"/>
      <line num="117" type="stmt" count="4"/>
      <line num="118" type="stmt" count="1"/>
      <line num="121" type="stmt" count="4"/>
      <line num="129" type="method" name="createUserLanguage" visibility="protected" complexity="1" crap="1" count="4"/>
      <line num="131" type="stmt" count="4"/>
      <line num="133" type="stmt" count="4"/>
      <line num="141" type="method" name="createUserGroups" visibility="protected" complexity="3" crap="3" count="4"/>
      <line num="143" type="stmt" count="4"/>
      <line num="144" type="stmt" count="4"/>
      <line num="145" type="stmt" count="2"/>
      <line num="146" type="stmt" count="2"/>
      <line num="147" type="stmt" count="2"/>
      <line num="148" type="stmt" count="2"/>
      <line num="149" type="stmt" count="2"/>
      <line num="154" type="stmt" count="4"/>
      <metrics loc="156" ncloc="118" classes="1" methods="6" coveredmethods="6" conditionals="0" coveredconditionals="0" statements="46" coveredstatements="46" elements="52" coveredelements="52"/>
    </file>
    <file name="/home/runner/work/admin/admin/src/Service/Execute/UserGroup.php">
      <class name="AbterPhp\Admin\Service\Execute\UserGroup" namespace="global">
        <metrics complexity="6" methods="3" coveredmethods="3" conditionals="0" coveredconditionals="0" statements="17" coveredstatements="17" elements="20" coveredelements="20"/>
      </class>
      <line num="30" type="method" name="__construct" visibility="public" complexity="1" crap="1" count="10"/>
      <line num="37" type="stmt" count="10"/>
      <line num="39" type="stmt" count="10"/>
      <line num="40" type="stmt" count="10"/>
      <line num="47" type="method" name="createEntity" visibility="public" complexity="1" crap="1" count="6"/>
      <line num="49" type="stmt" count="6"/>
      <line num="61" type="method" name="fillEntity" visibility="protected" complexity="4" crap="4" count="4"/>
      <line num="63" type="stmt" count="4"/>
      <line num="65" type="stmt" count="3"/>
      <line num="67" type="stmt" count="3"/>
      <line num="68" type="stmt" count="3"/>
      <line num="69" type="stmt" count="3"/>
      <line num="71" type="stmt" count="3"/>
      <line num="72" type="stmt" count="3"/>
      <line num="73" type="stmt" count="1"/>
      <line num="74" type="stmt" count="1"/>
      <line num="79" type="stmt" count="3"/>
      <line num="80" type="stmt" count="3"/>
      <line num="81" type="stmt" count="3"/>
      <line num="83" type="stmt" count="3"/>
      <metrics loc="85" ncloc="62" classes="1" methods="3" coveredmethods="3" conditionals="0" coveredconditionals="0" statements="17" coveredstatements="17" elements="20" coveredelements="20"/>
    </file>
    <file name="/home/runner/work/admin/admin/src/Service/Execute/UserLanguage.php">
      <class name="AbterPhp\Admin\Service\Execute\UserLanguage" namespace="global">
        <metrics complexity="4" methods="3" coveredmethods="3" conditionals="0" coveredconditionals="0" statements="12" coveredstatements="12" elements="15" coveredelements="15"/>
      </class>
      <line num="29" type="method" name="__construct" visibility="public" complexity="1" crap="1" count="9"/>
      <line num="36" type="stmt" count="9"/>
      <line num="38" type="stmt" count="9"/>
      <line num="39" type="stmt" count="9"/>
      <line num="46" type="method" name="createEntity" visibility="public" complexity="1" crap="1" count="5"/>
      <line num="48" type="stmt" count="5"/>
      <line num="60" type="method" name="fillEntity" visibility="protected" complexity="2" crap="2" count="3"/>
      <line num="62" type="stmt" count="3"/>
      <line num="64" type="stmt" count="2"/>
      <line num="66" type="stmt" count="2"/>
      <line num="67" type="stmt" count="2"/>
      <line num="68" type="stmt" count="2"/>
      <line num="71" type="stmt" count="2"/>
      <line num="72" type="stmt" count="2"/>
      <line num="74" type="stmt" count="2"/>
      <metrics loc="76" ncloc="53" classes="1" methods="3" coveredmethods="3" conditionals="0" coveredconditionals="0" statements="12" coveredstatements="12" elements="15" coveredelements="15"/>
    </file>
    <file name="/home/runner/work/admin/admin/src/Service/Login.php">
      <class name="AbterPhp\Admin\Service\Login" namespace="global">
        <metrics complexity="11" methods="5" coveredmethods="5" conditionals="0" coveredconditionals="0" statements="28" coveredstatements="28" elements="33" coveredelements="33"/>
      </class>
      <line num="50" type="method" name="__construct" visibility="public" complexity="1" crap="1" count="10"/>
      <line num="59" type="stmt" count="10"/>
      <line num="60" type="stmt" count="10"/>
      <line num="61" type="stmt" count="10"/>
      <line num="62" type="stmt" count="10"/>
      <line num="63" type="stmt" count="10"/>
      <line num="64" type="stmt" count="10"/>
      <line num="65" type="stmt" count="10"/>
      <line num="66" type="stmt" count="10"/>
      <line num="75" type="method" name="isLoginAllowed" visibility="public" complexity="1" crap="1" count="4"/>
      <line num="77" type="stmt" count="4"/>
      <line num="79" type="stmt" count="4"/>
      <line num="91" type="method" name="login" visibility="public" complexity="6" crap="6" count="6"/>
      <line num="93" type="stmt" count="6"/>
      <line num="94" type="stmt" count="6"/>
      <line num="95" type="stmt" count="3"/>
      <line num="98" type="stmt" count="3"/>
      <line num="99" type="stmt" count="3"/>
      <line num="100" type="stmt" count="1"/>
      <line num="103" type="stmt" count="2"/>
      <line num="106" type="stmt" count="2"/>
      <line num="107" type="stmt" count="1"/>
      <line num="108" type="stmt" count="1"/>
      <line num="110" type="stmt" count="1"/>
      <line num="113" type="stmt" count="1"/>
      <line num="123" type="method" name="logFailure" visibility="protected" complexity="2" crap="2" count="1"/>
      <line num="125" type="stmt" count="1"/>
      <line num="127" type="stmt" count="1"/>
      <line num="128" type="stmt" count="1"/>
      <line num="129" type="stmt" count="1"/>
      <line num="130" type="stmt" count="1"/>
      <line num="137" type="method" name="getHash" visibility="public" complexity="1" crap="1" count="6"/>
      <line num="139" type="stmt" count="6"/>
      <metrics loc="141" ncloc="102" classes="1" methods="5" coveredmethods="5" conditionals="0" coveredconditionals="0" statements="28" coveredstatements="28" elements="33" coveredelements="33"/>
    </file>
    <file name="/home/runner/work/admin/admin/src/Service/RepoGrid/ApiClient.php">
      <class name="AbterPhp\Admin\Service\RepoGrid\ApiClient" namespace="global">
        <metrics complexity="3" methods="3" coveredmethods="3" conditionals="0" coveredconditionals="0" statements="10" coveredstatements="10" elements="13" coveredelements="13"/>
      </class>
      <line num="28" type="method" name="__construct" visibility="public" complexity="1" crap="1" count="1"/>
      <line num="35" type="stmt" count="1"/>
      <line num="37" type="stmt" count="1"/>
      <line num="38" type="stmt" count="1"/>
      <line num="45" type="method" name="getWhereConditions" visibility="protected" complexity="1" crap="1" count="1"/>
      <line num="47" type="stmt" count="1"/>
      <line num="49" type="stmt" count="1"/>
      <line num="51" type="stmt" count="1"/>
      <line num="59" type="method" name="getSqlParams" visibility="protected" complexity="1" crap="1" count="1"/>
      <line num="61" type="stmt" count="1"/>
      <line num="63" type="stmt" count="1"/>
      <line num="65" type="stmt" count="1"/>
      <line num="67" type="stmt" count="1"/>
      <metrics loc="69" ncloc="50" classes="1" methods="3" coveredmethods="3" conditionals="0" coveredconditionals="0" statements="10" coveredstatements="10" elements="13" coveredelements="13"/>
    </file>
    <file name="/home/runner/work/admin/admin/src/Service/RepoGrid/RepoGridAbstract.php">
      <class name="AbterPhp\Admin\Service\RepoGrid\RepoGridAbstract" namespace="global">
        <metrics complexity="6" methods="6" coveredmethods="6" conditionals="0" coveredconditionals="0" statements="20" coveredstatements="20" elements="26" coveredelements="26"/>
      </class>
      <line num="33" type="method" name="__construct" visibility="public" complexity="1" crap="1" count="3"/>
      <line num="39" type="stmt" count="3"/>
      <line num="40" type="stmt" count="3"/>
      <line num="41" type="stmt" count="3"/>
      <line num="42" type="stmt" count="3"/>
      <line num="43" type="stmt" count="3"/>
      <line num="51" type="method" name="createAndPopulate" visibility="public" complexity="1" crap="1" count="3"/>
      <line num="53" type="stmt" count="3"/>
      <line num="55" type="stmt" count="3"/>
      <line num="56" type="stmt" count="3"/>
      <line num="58" type="stmt" count="3"/>
      <line num="59" type="stmt" count="3"/>
      <line num="60" type="stmt" count="3"/>
      <line num="62" type="stmt" count="3"/>
      <line num="63" type="stmt" count="3"/>
      <line num="65" type="stmt" count="3"/>
      <line num="67" type="stmt" count="3"/>
      <line num="75" type="method" name="getSortConditions" visibility="protected" complexity="1" crap="1" count="3"/>
      <line num="77" type="stmt" count="3"/>
      <line num="85" type="method" name="getWhereConditions" visibility="protected" complexity="1" crap="1" count="2"/>
      <line num="87" type="stmt" count="2"/>
      <line num="95" type="method" name="getSqlParams" visibility="protected" complexity="1" crap="1" count="2"/>
      <line num="97" type="stmt" count="2"/>
      <line num="106" type="method" name="getOffset" visibility="protected" complexity="1" crap="1" count="3"/>
      <line num="108" type="stmt" count="3"/>
      <line num="110" type="stmt" count="3"/>
      <metrics loc="112" ncloc="77" classes="1" methods="6" coveredmethods="6" conditionals="0" coveredconditionals="0" statements="20" coveredstatements="20" elements="26" coveredelements="26"/>
    </file>
    <file name="/home/runner/work/admin/admin/src/Service/RepoGrid/User.php">
      <class name="AbterPhp\Admin\Service\RepoGrid\User" namespace="global">
        <metrics complexity="1" methods="1" coveredmethods="1" conditionals="0" coveredconditionals="0" statements="2" coveredstatements="2" elements="3" coveredelements="3"/>
      </class>
      <line num="22" type="method" name="__construct" visibility="public" complexity="1" crap="1" count="1"/>
      <line num="24" type="stmt" count="1"/>
      <line num="25" type="stmt" count="1"/>
      <metrics loc="26" ncloc="18" classes="1" methods="1" coveredmethods="1" conditionals="0" coveredconditionals="0" statements="2" coveredstatements="2" elements="3" coveredelements="3"/>
    </file>
    <file name="/home/runner/work/admin/admin/src/Service/RepoGrid/UserGroup.php">
      <class name="AbterPhp\Admin\Service\RepoGrid\UserGroup" namespace="global">
        <metrics complexity="1" methods="1" coveredmethods="1" conditionals="0" coveredconditionals="0" statements="2" coveredstatements="2" elements="3" coveredelements="3"/>
      </class>
      <line num="22" type="method" name="__construct" visibility="public" complexity="1" crap="1" count="1"/>
      <line num="24" type="stmt" count="1"/>
      <line num="25" type="stmt" count="1"/>
      <metrics loc="26" ncloc="18" classes="1" methods="1" coveredmethods="1" conditionals="0" coveredconditionals="0" statements="2" coveredstatements="2" elements="3" coveredelements="3"/>
    </file>
    <file name="/home/runner/work/admin/admin/src/Service/SessionInitializer.php">
      <class name="AbterPhp\Admin\Service\SessionInitializer" namespace="global">
        <metrics complexity="4" methods="2" coveredmethods="2" conditionals="0" coveredconditionals="0" statements="11" coveredstatements="11" elements="13" coveredelements="13"/>
      </class>
      <line num="20" type="method" name="__construct" visibility="public" complexity="1" crap="1" count="2"/>
      <line num="22" type="stmt" count="2"/>
      <line num="23" type="stmt" count="2"/>
      <line num="28" type="method" name="initialize" visibility="public" complexity="3" crap="3" count="2"/>
      <line num="30" type="stmt" count="2"/>
      <line num="31" type="stmt" count="1"/>
      <line num="34" type="stmt" count="1"/>
      <line num="35" type="stmt" count="1"/>
      <line num="36" type="stmt" count="1"/>
      <line num="37" type="stmt" count="1"/>
      <line num="38" type="stmt" count="1"/>
      <line num="39" type="stmt" count="1"/>
      <line num="40" type="stmt" count="1"/>
      <metrics loc="41" ncloc="33" classes="1" methods="2" coveredmethods="2" conditionals="0" coveredconditionals="0" statements="11" coveredstatements="11" elements="13" coveredelements="13"/>
    </file>
    <file name="/home/runner/work/admin/admin/src/Validation/Factory/ApiClient.php">
      <class name="AbterPhp\Admin\Validation\Factory\ApiClient" namespace="global">
        <metrics complexity="1" methods="1" coveredmethods="1" conditionals="0" coveredconditionals="0" statements="10" coveredstatements="10" elements="11" coveredelements="11"/>
      </class>
      <line num="15" type="method" name="createValidator" visibility="public" complexity="1" crap="1" count="7"/>
      <line num="17" type="stmt" count="7"/>
      <line num="20" type="stmt" count="7"/>
      <line num="21" type="stmt" count="7"/>
      <line num="24" type="stmt" count="7"/>
      <line num="25" type="stmt" count="7"/>
      <line num="26" type="stmt" count="7"/>
      <line num="29" type="stmt" count="7"/>
      <line num="30" type="stmt" count="7"/>
      <line num="33" type="stmt" count="7"/>
      <line num="35" type="stmt" count="7"/>
      <metrics loc="37" ncloc="34" classes="1" methods="1" coveredmethods="1" conditionals="0" coveredconditionals="0" statements="10" coveredstatements="10" elements="11" coveredelements="11"/>
    </file>
    <file name="/home/runner/work/admin/admin/src/Validation/Factory/ConditionalTrait.php">
      <class name="AbterPhp\Admin\Validation\Factory\ConditionalTrait" namespace="global">
        <metrics complexity="1" methods="1" coveredmethods="1" conditionals="0" coveredconditionals="0" statements="2" coveredstatements="2" elements="3" coveredelements="3"/>
      </class>
      <line num="16" type="method" name="setAdditionalData" visibility="public" complexity="1" crap="1" count="24"/>
      <line num="18" type="stmt" count="24"/>
      <line num="19" type="stmt" count="24"/>
      <metrics loc="20" ncloc="17" classes="1" methods="1" coveredmethods="1" conditionals="0" coveredconditionals="0" statements="2" coveredstatements="2" elements="3" coveredelements="3"/>
    </file>
    <file name="/home/runner/work/admin/admin/src/Validation/Factory/IConditional.php">
      <metrics loc="13" ncloc="10" classes="0" methods="0" coveredmethods="0" conditionals="0" coveredconditionals="0" statements="0" coveredstatements="0" elements="0" coveredelements="0"/>
    </file>
    <file name="/home/runner/work/admin/admin/src/Validation/Factory/User.php">
      <class name="AbterPhp\Admin\Validation\Factory\User" namespace="global">
        <metrics complexity="3" methods="2" coveredmethods="2" conditionals="0" coveredconditionals="0" statements="24" coveredstatements="24" elements="26" coveredelements="26"/>
      </class>
      <line num="18" type="method" name="createValidator" visibility="public" complexity="1" crap="1" count="24"/>
      <line num="20" type="stmt" count="24"/>
      <line num="23" type="stmt" count="24"/>
      <line num="24" type="stmt" count="24"/>
      <line num="27" type="stmt" count="24"/>
      <line num="28" type="stmt" count="24"/>
      <line num="31" type="stmt" count="24"/>
      <line num="32" type="stmt" count="24"/>
      <line num="33" type="stmt" count="24"/>
      <line num="36" type="stmt" count="24"/>
      <line num="39" type="stmt" count="24"/>
      <line num="40" type="stmt" count="24"/>
      <line num="41" type="stmt" count="24"/>
      <line num="44" type="stmt" count="24"/>
      <line num="47" type="stmt" count="24"/>
      <line num="48" type="stmt" count="24"/>
      <line num="50" type="stmt" count="24"/>
      <line num="52" type="stmt" count="24"/>
      <line num="58" type="method" name="makePasswordRequired" visibility="protected" complexity="2" crap="2" count="24"/>
      <line num="60" type="stmt" count="24"/>
      <line num="61" type="stmt" count="12"/>
      <line num="65" type="stmt" count="12"/>
      <line num="66" type="stmt" count="12"/>
      <line num="69" type="stmt" count="12"/>
      <line num="70" type="stmt" count="12"/>
      <line num="71" type="stmt" count="12"/>
      <metrics loc="72" ncloc="66" classes="1" methods="2" coveredmethods="2" conditionals="0" coveredconditionals="0" statements="24" coveredstatements="24" elements="26" coveredelements="26"/>
    </file>
    <file name="/home/runner/work/admin/admin/src/Validation/Factory/UserGroup.php">
      <class name="AbterPhp\Admin\Validation\Factory\UserGroup" namespace="global">
        <metrics complexity="1" methods="1" coveredmethods="1" conditionals="0" coveredconditionals="0" statements="7" coveredstatements="7" elements="8" coveredelements="8"/>
      </class>
      <line num="15" type="method" name="createValidator" visibility="public" complexity="1" crap="1" count="3"/>
      <line num="17" type="stmt" count="3"/>
      <line num="20" type="stmt" count="3"/>
      <line num="21" type="stmt" count="3"/>
      <line num="24" type="stmt" count="3"/>
      <line num="27" type="stmt" count="3"/>
      <line num="28" type="stmt" count="3"/>
      <line num="30" type="stmt" count="3"/>
      <metrics loc="32" ncloc="29" classes="1" methods="1" coveredmethods="1" conditionals="0" coveredconditionals="0" statements="7" coveredstatements="7" elements="8" coveredelements="8"/>
    </file>
    <file name="/home/runner/work/admin/admin/src/Validation/Factory/UserLanguage.php">
      <class name="AbterPhp\Admin\Validation\Factory\UserLanguage" namespace="global">
        <metrics complexity="1" methods="1" coveredmethods="1" conditionals="0" coveredconditionals="0" statements="7" coveredstatements="7" elements="8" coveredelements="8"/>
      </class>
      <line num="15" type="method" name="createValidator" visibility="public" complexity="1" crap="1" count="3"/>
      <line num="17" type="stmt" count="3"/>
      <line num="20" type="stmt" count="3"/>
      <line num="21" type="stmt" count="3"/>
      <line num="24" type="stmt" count="3"/>
      <line num="27" type="stmt" count="3"/>
      <line num="28" type="stmt" count="3"/>
      <line num="30" type="stmt" count="3"/>
      <metrics loc="32" ncloc="29" classes="1" methods="1" coveredmethods="1" conditionals="0" coveredconditionals="0" statements="7" coveredstatements="7" elements="8" coveredelements="8"/>
    </file>
    <metrics files="109" loc="9035" ncloc="6768" classes="90" methods="418" coveredmethods="355" conditionals="0" coveredconditionals="0" statements="2133" coveredstatements="2006" elements="2551" coveredelements="2361"/>
  </project>
</coverage>
